        -:    0:Source:schedule2.c
        -:    0:Graph:schedule2.gcno
        -:    0:Data:schedule2.gcda
        -:    0:Runs:1
        -:    1:
        -:    2:/* $Log: schedule.c,v $
        -:    3: * Revision 1.4  1993/05/04  12:23:58  foster
        -:    4: * Debug stuff removed
        -:    5: *
        -:    6: * Revision 1.3  1993/05/03  20:27:04  foster
        -:    7: * Full Functionality
        -:    8: *
        -:    9: * Revision 1.2  1993/05/03  15:41:01  foster
        -:   10: * Restructure functions
        -:   11: *
        -:   12: * Revision 1.1  1993/05/01  11:38:04  foster
        -:   13: * Initial revision
        -:   14: * */
        -:   15:
        -:   16:#include <stdio.h>
        -:   17:#include "schedule2.h"
        -:   18:
        -:   19:static struct process * current_job;
        -:   20:static int next_pid = 0;
        -:   21:
        -:   22:int
       46:   23:enqueue(prio, new_process)
        -:   24:     int prio;
        -:   25:     struct process *new_process;
        -:   26:{
        -:   27:    int status;
      46*:   28:    if(status = put_end(prio, new_process)) return(status); /* Error */
       46:   29:    return(reschedule(prio));
        -:   30:}
        -:   31:
        -:   32:struct queue
        -:   33:{
        -:   34:    int length;
        -:   35:    struct process *head;
        -:   36:};
        -:   37:
        -:   38:static struct queue prio_queue[MAXPRIO + 1]; /* blocked queue is [0] */
        -:   39:
        -:   40:
        -:   41:
        1:   42:main(argc, argv) /* n3, n2, n1 : # of processes at prio3 ... */
        -:   43:int argc;
        -:   44:char *argv[];
        -:   45:{
        -:   46:    int command, prio;
        -:   47:    float ratio;
        -:   48:    int nprocs, status, pid;
        -:   49:    struct process *process;
       1*:   50:    if(argc != MAXPRIO + 1) exit_here(BADNOARGS);
        4:   51:    for(prio = MAXPRIO; prio > 0; prio--)
        -:   52:    {
       3*:   53:	if((nprocs = atoi(argv[MAXPRIO + 1 - prio])) < 0) exit_here(BADARG);
       13:   54:	for(; nprocs > 0; nprocs--)
        -:   55:	{
      10*:   56:	    if(status = new_job(prio)) exit_here(status);
        -:   57:	}
        -:   58:    }
        -:   59:    /* while there are commands, schedule it */
       65:   60:    while((status = get_command(&command, &prio, &ratio)) > 0)
        -:   61:    {
       64:   62:	schedule(command, prio, ratio);
        -:   63:    }
       1*:   64:    if(status < 0) exit_here(status); /* Real bad error */
        1:   65:    exit_here(OK);
        -:   66:}
        -:   67:
        -:   68:int 
       65:   69:get_command(command, prio, ratio)
        -:   70:    int *command, *prio;
        -:   71:    float *ratio;
        -:   72:{
       65:   73:    int status = OK;
        -:   74:    char buf[CMDSIZE];
       65:   75:    if(fgets(buf, CMDSIZE, stdin))
        -:   76:    {
       64:   77:	*prio = 1; *command = -1; *ratio =1.0;
       64:   78:	sscanf(buf, "%d", command);
       64:   79:	switch(*command)
        -:   80:	{
       15:   81:	  case NEW_JOB :
       15:   82:	    sscanf(buf, "%*s%d", prio);
       15:   83:	    break;
       12:   84:	  case UNBLOCK :
       12:   85:	    sscanf(buf, "%*s%f", ratio);
       12:   86:	    break;
        7:   87:	  case UPGRADE_PRIO :
        7:   88:	    sscanf(buf, "%*s%d%f", prio, ratio);
        7:   89:	    break;
        -:   90:	}
        -:   91:	 /* Find end of  line of input if no EOF */
      64*:   92:	while(buf[strlen(buf)-1] != '\n' && fgets(buf, CMDSIZE, stdin));
       64:   93:	return(TRUE);
        -:   94:    }
        1:   95:    else return(FALSE);
        -:   96:}
        -:   97:
        1:   98:exit_here(status)
        -:   99:     int status;
        -:  100:{
        1:  101:    exit(abs(status));
        -:  102:}
        -:  103:
        -:  104:
        -:  105:int 
       25:  106:new_job(prio) /* allocate new pid and process block. Stick at end */
        -:  107:     int prio;
        -:  108:{
       25:  109:    int pid, status = OK;
        -:  110:    struct process *new_process;
       25:  111:    pid = next_pid++;
       25:  112:    new_process = (struct process *) malloc(sizeof(struct process));
      25*:  113:    if(!new_process) status = MALLOC_ERR;
        -:  114:    else
        -:  115:    {
       25:  116:	new_process->pid = pid;
       25:  117:	new_process->priority = prio;
       25:  118:	new_process->next = (struct process *) 0;
       25:  119:	status = enqueue(prio, new_process);
       25:  120:	if(status)
        -:  121:	{
    #####:  122:	    free(new_process); /* Return process block */
        -:  123:	}
        -:  124:    }
      25*:  125:    if(status) next_pid--; /* Unsuccess. Restore pid */
       25:  126:    return(status);
        -:  127:}
        -:  128:
        7:  129:int upgrade_prio(prio, ratio) /* increment priority at ratio in queue */
        -:  130:     int prio;
        -:  131:     float ratio;
        -:  132:{
        -:  133:    int status;
        -:  134:    struct process * job;
       7*:  135:    if(prio < 1 || prio > MAXLOPRIO) return(BADPRIO);
        7:  136:    if((status = get_process(prio, ratio, &job)) <= 0) return(status);
        -:  137:    /* We found a job in that queue. Upgrade it */
        4:  138:    job->priority = prio + 1;
        4:  139:    return(enqueue(prio + 1, job));
        -:  140:}
        -:  141:
        -:  142:int
        8:  143:block() /* Put current job in blocked queue */
        -:  144:{
        -:  145:    struct process * job;
        8:  146:    job = get_current();
        8:  147:    if(job)
        -:  148:    {
        7:  149:	current_job = (struct process *)0; /* remove it */
        7:  150:	return(enqueue(BLOCKPRIO, job)); /* put into blocked queue */
        -:  151:    }
        1:  152:    return(OK);
        -:  153:}
        -:  154:
        -:  155:int
       12:  156:unblock(ratio) /* Restore job @ ratio in blocked queue to its queue */
        -:  157:     float ratio;
        -:  158:{
        -:  159:    int status;
        -:  160:    struct process * job;
       12:  161:    if((status = get_process(BLOCKPRIO, ratio, &job)) <= 0) return(status);
        -:  162:    /* We found a blocked process. Put it where it belongs. */
        5:  163:    return(enqueue(job->priority, job));
        -:  164:}
        -:  165:
        -:  166:int
       10:  167:quantum_expire() /* put current job at end of its queue */
        -:  168:{
        -:  169:    struct process * job;
       10:  170:    job = get_current();
       10:  171:    if(job)
        -:  172:    {
        5:  173:	current_job = (struct process *)0; /* remove it */
        5:  174:	return(enqueue(job->priority, job));
        -:  175:    }
        5:  176:    return(OK);
        -:  177:}
        -:  178:
        -:  179:int
       29:  180:finish() /* Get current job, print it, and zap it. */
        -:  181:{
        -:  182:    struct process * job;
       29:  183:    job = get_current();
       29:  184:    if(job)
        -:  185:    {
       19:  186:	current_job = (struct process *)0;
       19:  187:	reschedule(0);
       19:  188:	fprintf(stdout, " %d", job->pid);
       19:  189:	free(job);
       19:  190:	return(FALSE);
        -:  191:    }
       10:  192:    else return(TRUE);
        -:  193:}
        -:  194:
        -:  195:int
       10:  196:flush() /* Get all jobs in priority queues & zap them */
        -:  197:{
       27:  198:    while(!finish());
       10:  199:    fprintf(stdout, "\n");
       10:  200:    return(OK);
        -:  201:}
        -:  202:
        -:  203:struct process * 
      112:  204:get_current() /* If no current process, get it. Return it */
        -:  205:{
        -:  206:    int prio;
      112:  207:    if(!current_job)
        -:  208:    {
      160:  209:	for(prio = MAXPRIO; prio > 0; prio--)
        -:  210:	{ /* find head of highest queue with a process */
      135:  211:	    if(get_process(prio, 0.0, &current_job) > 0) break;
        -:  212:	}
        -:  213:    }
      112:  214:    return(current_job);
        -:  215:}
        -:  216:
        -:  217:int
       65:  218:reschedule(prio) /* Put highest priority job into current_job */
        -:  219:     int prio;
        -:  220:{
       65:  221:    if(current_job && prio > current_job->priority)
        -:  222:    {
        3:  223:	put_end(current_job->priority, current_job);
        3:  224:	current_job = (struct process *)0;
        -:  225:    }
       65:  226:    get_current(); /* Reschedule */
       65:  227:    return(OK);
        -:  228:}
        -:  229:
        -:  230:int 
       64:  231:schedule(command, prio, ratio)
        -:  232:    int command, prio;
        -:  233:    float ratio;
        -:  234:{
       64:  235:    int status = OK;
       64:  236:    switch(command)
        -:  237:    {
       15:  238:      case NEW_JOB :
       15:  239:        status = new_job(prio);
       15:  240:	break;
       10:  241:      case QUANTUM_EXPIRE :
       10:  242:        status = quantum_expire();
       10:  243:	break;
        7:  244:      case UPGRADE_PRIO :
        7:  245:        status = upgrade_prio(prio, ratio);
        7:  246:	break;
        8:  247:      case BLOCK :
        8:  248:        status = block();
        8:  249:	break;
       12:  250:      case UNBLOCK :
       12:  251:        status = unblock(ratio);
       12:  252:	break;
        2:  253:      case FINISH :
        2:  254:        finish();
        2:  255:	fprintf(stdout, "\n");
        2:  256:	break;
       10:  257:      case FLUSH :
       10:  258:        status = flush();
       10:  259:	break;
    #####:  260:      default:
    #####:  261:	status = NO_COMMAND;
        -:  262:    }
       64:  263:    return(status);
        -:  264:}
        -:  265:
        -:  266:
        -:  267:
        -:  268:
        -:  269:int 
       49:  270:put_end(prio, process) /* Put process at end of queue */
        -:  271:     int prio;
        -:  272:     struct process *process;
        -:  273:{
        -:  274:    struct process **next;
      49*:  275:    if(prio > MAXPRIO || prio < 0) return(BADPRIO); /* Somebody goofed */
        -:  276:     /* find end of queue */
       75:  277:    for(next = &prio_queue[prio].head; *next; next = &(*next)->next);
       49:  278:    *next = process;
       49:  279:    prio_queue[prio].length++;
       49:  280:    return(OK);
        -:  281:}
        -:  282:
        -:  283:int 
      154:  284:get_process(prio, ratio, job)
        -:  285:     int prio;
        -:  286:     float ratio;
        -:  287:     struct process ** job;
        -:  288:{
        -:  289:    int length, index;
        -:  290:    struct process **next;
     154*:  291:    if(prio > MAXPRIO || prio < 0) return(BADPRIO); /* Somebody goofed */
     154*:  292:    if(ratio < 0.0 || ratio > 1.0) return(BADRATIO); /* Somebody else goofed */
      154:  293:    length = prio_queue[prio].length;
      154:  294:    index = ratio * length;
      154:  295:    index = index >= length ? length -1 : index; /* If ratio == 1.0 */
      161:  296:    for(next = &prio_queue[prio].head; index && *next; index--)
        7:  297:        next = &(*next)->next; /* Count up to it */
      154:  298:    *job = *next;
      154:  299:    if(*job)
        -:  300:    {
       44:  301:	*next = (*next)->next; /* Mend the chain */
       44:  302:	(*job)->next = (struct process *) 0; /* break this link */
       44:  303:	prio_queue[prio].length--;
       44:  304:	return(TRUE);
        -:  305:    }
      110:  306:    else return(FALSE);
        -:  307:}
