        -:    0:Source:schedule.c
        -:    0:Graph:schedule.gcno
        -:    0:Data:schedule.gcda
        -:    0:Runs:1
        -:    1:/*  -*- Last-Edit:  Wed May 7 10:12:52 1993 by Monica; -*- */
        -:    2:
        -:    3:
        -:    4:#include <stdio.h>
        -:    5:
        -:    6:/* A job descriptor. */
        -:    7:
        -:    8:#define NULL 0
        -:    9:
        -:   10:
        -:   11:#define NEW_JOB        1
        -:   12:#define UPGRADE_PRIO   2 
        -:   13:#define BLOCK          3
        -:   14:#define UNBLOCK        4  
        -:   15:#define QUANTUM_EXPIRE 5
        -:   16:#define FINISH         6
        -:   17:#define FLUSH          7
        -:   18:
        -:   19:#define MAXPRIO 3
        -:   20:
        -:   21:typedef struct _job {
        -:   22:    struct  _job *next, *prev; /* Next and Previous in job list. */
        -:   23:    int          val  ;         /* Id-value of program. */
        -:   24:    short        priority;     /* Its priority. */
        -:   25:} Ele, *Ele_Ptr;
        -:   26:
        -:   27:typedef struct list		/* doubly linked list */
        -:   28:{
        -:   29:  Ele *first;
        -:   30:  Ele *last;
        -:   31:  int    mem_count;		/* member count */
        -:   32:} List;
        -:   33:
        -:   34:/*-----------------------------------------------------------------------------
        -:   35:  new_ele
        -:   36:     alloates a new element with value as num.
        -:   37:-----------------------------------------------------------------------------*/
       29:   38:Ele* new_ele(new_num) 
        -:   39:int new_num;
        -:   40:{	
        -:   41:    Ele *ele;
        -:   42:
       29:   43:    ele =(Ele *)malloc(sizeof(Ele));
       29:   44:    ele->next = NULL;
       29:   45:    ele->prev = NULL;
       29:   46:    ele->val  = new_num;
       29:   47:    return ele;
        -:   48:}
        -:   49:
        -:   50:/*-----------------------------------------------------------------------------
        -:   51:  new_list
        -:   52:        allocates, initializes and returns a new list.
        -:   53:        Note that if the argument compare() is provided, this list can be
        -:   54:            made into an ordered list. see insert_ele().
        -:   55:-----------------------------------------------------------------------------*/
        4:   56:List *new_list()
        -:   57:{
        -:   58:    List *list;
        -:   59:
        4:   60:    list = (List *)malloc(sizeof(List));
        -:   61:    
        4:   62:    list->first = NULL;
        4:   63:    list->last  = NULL;
        4:   64:    list->mem_count = 0;
        4:   65:    return (list);
        -:   66:}
        -:   67:
        -:   68:/*-----------------------------------------------------------------------------
        -:   69:  append_ele
        -:   70:        appends the new_ele to the list. If list is null, a new
        -:   71:	list is created. The modified list is returned.
        -:   72:-----------------------------------------------------------------------------*/
       42:   73:List *append_ele(a_list, a_ele)
        -:   74:List *a_list;
        -:   75:Ele  *a_ele;
        -:   76:{
       42:   77:  if (!a_list)
        1:   78:      a_list = new_list();	/* make list without compare function */
        -:   79:
       42:   80:  a_ele->prev = a_list->last;	/* insert at the tail */
       42:   81:  if (a_list->last)
       23:   82:    a_list->last->next = a_ele;
        -:   83:  else
       19:   84:    a_list->first = a_ele;
       42:   85:  a_list->last = a_ele;
       42:   86:  a_ele->next = NULL;
       42:   87:  a_list->mem_count++;
       42:   88:  return (a_list);
        -:   89:}
        -:   90:
        -:   91:/*-----------------------------------------------------------------------------
        -:   92:  find_nth
        -:   93:        fetches the nth element of the list (count starts at 1)
        -:   94:-----------------------------------------------------------------------------*/
       12:   95:Ele *find_nth(f_list, n)
        -:   96:List *f_list;
        -:   97:int   n;
        -:   98:{
        -:   99:    Ele *f_ele;
        -:  100:    int i;
        -:  101:
       12:  102:    if (!f_list)
    #####:  103:	return NULL;
       12:  104:    f_ele = f_list->first;
       18:  105:    for (i=1; f_ele && (i<n); i++)
        6:  106:	f_ele = f_ele->next;
       12:  107:    return f_ele;
        -:  108:}
        -:  109:
        -:  110:/*-----------------------------------------------------------------------------
        -:  111:  del_ele
        -:  112:        deletes the old_ele from the list.
        -:  113:        Note: even if list becomes empty after deletion, the list
        -:  114:	      node is not deallocated.
        -:  115:-----------------------------------------------------------------------------*/
       41:  116:List *del_ele(d_list, d_ele)
        -:  117:List *d_list;
        -:  118:Ele  *d_ele;
        -:  119:{
       41:  120:    if (!d_list || !d_ele)
    #####:  121:	return (NULL);
        -:  122:    
       41:  123:    if (d_ele->next)
       23:  124:	d_ele->next->prev = d_ele->prev;
        -:  125:    else
       18:  126:	d_list->last = d_ele->prev;
       41:  127:    if (d_ele->prev)
        1:  128:	d_ele->prev->next = d_ele->next;
        -:  129:    else
       40:  130:	d_list->first = d_ele->next;
        -:  131:    /* KEEP d_ele's data & pointers intact!! */
       41:  132:    d_list->mem_count--;
       41:  133:    return (d_list);
        -:  134:}
        -:  135:
        -:  136:/*-----------------------------------------------------------------------------
        -:  137:   free_ele
        -:  138:       deallocate the ptr. Caution: The ptr should point to an object
        -:  139:       allocated in a single call to malloc.
        -:  140:-----------------------------------------------------------------------------*/
       28:  141:void free_ele(ptr)
        -:  142:Ele *ptr;
        -:  143:{
       28:  144:    free(ptr);
       28:  145:}
        -:  146:
        -:  147:int alloc_proc_num;
        -:  148:int num_processes;
        -:  149:Ele* cur_proc;
        -:  150:List *prio_queue[MAXPRIO+1]; 	/* 0th element unused */
        -:  151:List *block_queue;
        -:  152:
        -:  153:void
       33:  154:finish_process()
        -:  155:{
       33:  156:    schedule();
       33:  157:    if (cur_proc)
        -:  158:    {
       28:  159:	fprintf(stdout, "%d ", cur_proc->val);
       28:  160:	free_ele(cur_proc);
       28:  161:	num_processes--;
        -:  162:    }
       33:  163:}
        -:  164:
        -:  165:void
        8:  166:finish_all_processes()
        -:  167:{
        -:  168:    int i;
        -:  169:    int total;
        8:  170:    total = num_processes;
       34:  171:    for (i=0; i<total; i++)
       26:  172:	finish_process();
        8:  173:}
        -:  174:
       50:  175:schedule()
        -:  176:{
        -:  177:    int i;
        -:  178:    
       50:  179:    cur_proc = NULL;
      112:  180:    for (i=MAXPRIO; i > 0; i--)
        -:  181:    {
       99:  182:	if (prio_queue[i]->mem_count > 0)
        -:  183:	{
       37:  184:	    cur_proc = prio_queue[i]->first;
       37:  185:	    prio_queue[i] = del_ele(prio_queue[i], cur_proc);
       37:  186:	    return;
        -:  187:	}
        -:  188:    }
        -:  189:}
        -:  190:
        -:  191:void
       12:  192:upgrade_process_prio(prio, ratio)
        -:  193:int prio;
        -:  194:float ratio;
        -:  195:{
        -:  196:    int count;
        -:  197:    int n;
        -:  198:    Ele *proc;
        -:  199:    List *src_queue, *dest_queue;
        -:  200:    
       12:  201:    if (prio >= MAXPRIO)
    #####:  202:	return;
       12:  203:    src_queue = prio_queue[prio];
       12:  204:    dest_queue = prio_queue[prio+1];
       12:  205:    count = src_queue->mem_count;
        -:  206:
       12:  207:    if (count > 1) /* off by one */ {
        2:  208:	n = (int) (count*ratio + 1);
        2:  209:	proc = find_nth(src_queue, n);
        2:  210:	if (proc) {
        2:  211:	    src_queue = del_ele(src_queue, proc);
        -:  212:	    /* append to appropriate prio queue */
        2:  213:	    proc->priority = prio;
        2:  214:	    dest_queue = append_ele(dest_queue, proc);
        -:  215:	}
        -:  216:    }
        -:  217:}
        -:  218:
        -:  219:void
       10:  220:unblock_process(ratio)
        -:  221:float ratio;
        -:  222:{
        -:  223:    int count;
        -:  224:    int n;
        -:  225:    Ele *proc;
        -:  226:    int prio;
       10:  227:    if (block_queue)
        -:  228:    {
       10:  229:	count = block_queue->mem_count;
       10:  230:	n = (int) (count*ratio + 1);
       10:  231:	proc = find_nth(block_queue, n);
       10:  232:	if (proc) {
        2:  233:	    block_queue = del_ele(block_queue, proc);
        -:  234:	    /* append to appropriate prio queue */
        2:  235:	    prio = proc->priority;
        2:  236:	    prio_queue[prio] = append_ele(prio_queue[prio], proc);
        -:  237:	}
        -:  238:    }
       10:  239:}
        -:  240:
       11:  241:void quantum_expire()
        -:  242:{
        -:  243:    int prio;
       11:  244:    schedule();
       11:  245:    if (cur_proc)
        -:  246:    {
        7:  247:	prio = cur_proc->priority;
        7:  248:	prio_queue[prio] = append_ele(prio_queue[prio], cur_proc);
        -:  249:    }	
       11:  250:}
        -:  251:	
        -:  252:void
        6:  253:block_process()
        -:  254:{
        6:  255:    schedule();
        6:  256:    if (cur_proc)
        -:  257:    {
        2:  258:	block_queue = append_ele(block_queue, cur_proc);
        -:  259:    }
        6:  260:}
        -:  261:
       29:  262:Ele * new_process(prio)
        -:  263:int prio;
        -:  264:{
        -:  265:    Ele *proc;
       29:  266:    proc = new_ele(alloc_proc_num++);
       29:  267:    proc->priority = prio;
       29:  268:    num_processes++;
       29:  269:    return proc;
        -:  270:}
        -:  271:
       10:  272:void add_process(prio)
        -:  273:int prio;
        -:  274:{
        -:  275:    Ele *proc;
       10:  276:    proc = new_process(prio);
       10:  277:    prio_queue[prio] = append_ele(prio_queue[prio], proc);
       10:  278:}
        -:  279:
        3:  280:void init_prio_queue(prio, num_proc)
        -:  281:int prio;
        -:  282:int num_proc;
        -:  283:{
        -:  284:    List *queue;
        -:  285:    Ele  *proc;
        -:  286:    int i;
        -:  287:    
        3:  288:    queue = new_list();
       22:  289:    for (i=0; i<num_proc; i++)
        -:  290:    {
       19:  291:	proc = new_process(prio);
       19:  292:	queue = append_ele(queue, proc);
        -:  293:    }
        3:  294:    prio_queue[prio] = queue;
        3:  295:}
        -:  296:
        1:  297:void initialize()
        -:  298:{
        1:  299:    alloc_proc_num = 0;
        1:  300:    num_processes = 0;
        1:  301:}
        -:  302:				
        -:  303:/* test driver */
        1:  304:main(argc, argv)
        -:  305:int argc;
        -:  306:char *argv[];
        -:  307:{
        -:  308:    int command;
        -:  309:    int prio;
        -:  310:    float ratio;
        -:  311:    int status;
        -:  312:
        1:  313:    if (argc < (MAXPRIO+1))
        -:  314:    {
    #####:  315:	fprintf(stdout, "incorrect usage\n");
    #####:  316:	return;
        -:  317:    }
        -:  318:    
        1:  319:    initialize();
        4:  320:    for (prio=MAXPRIO; prio >= 1; prio--)
        -:  321:    {
        3:  322:	init_prio_queue(prio, atoi(argv[prio]));
        -:  323:    }
        1:  324:    for (status = fscanf(stdin, "%d", &command);
       65:  325:	 ((status!=EOF) && status);
       64:  326:	 status = fscanf(stdin, "%d", &command))
        -:  327:    {
       64:  328:	switch(command)
        -:  329:	{
        7:  330:	case FINISH:
        7:  331:	    finish_process();
        7:  332:	    break;
        6:  333:	case BLOCK:
        6:  334:	    block_process();
        6:  335:	    break;
       11:  336:	case QUANTUM_EXPIRE:
       11:  337:	    quantum_expire();
       11:  338:	    break;
       10:  339:	case UNBLOCK:
       10:  340:	    fscanf(stdin, "%f", &ratio);
       10:  341:	    unblock_process(ratio);
       10:  342:	    break;
       12:  343:	case UPGRADE_PRIO:
       12:  344:	    fscanf(stdin, "%d", &prio);
       12:  345:	    fscanf(stdin, "%f", &ratio);
       12:  346:	    if (prio > MAXPRIO || prio <= 0) { 
    #####:  347:		fprintf(stdout, "** invalid priority\n");
    #####:  348:		return;
        -:  349:	    }
        -:  350:	    else 
       12:  351:		upgrade_process_prio(prio, ratio);
       12:  352:	    break;
       10:  353:	case NEW_JOB:
       10:  354:	    fscanf(stdin, "%d", &prio);
       10:  355:	    if (prio > MAXPRIO || prio <= 0) {
    #####:  356:		fprintf(stdout, "** invalid priority\n");
    #####:  357:		return;
        -:  358:	    }
        -:  359:	    else 
       10:  360:		add_process(prio);
       10:  361:	    break;
        8:  362:	case FLUSH:
        8:  363:	    finish_all_processes();
        8:  364:	    break;
        -:  365:	}
        -:  366:    }
        -:  367:}
        -:  368:
        -:  369:/* A simple input spec:
        -:  370:  
        -:  371:  a.out n3 n2 n1
        -:  372:
        -:  373:  where n3, n2, n1 are non-negative integers indicating the number of
        -:  374:  initial processes at priority 3, 2, and 1, respectively.
        -:  375:
        -:  376:  The input file is a list of commands of the following kinds:
        -:  377:   (For simplicity, comamnd names are integers (NOT strings)
        -:  378:    
        -:  379:  FINISH            ;; this exits the current process (printing its number)
        -:  380:  NEW_JOB priority  ;; this adds a new process at specified priority
        -:  381:  BLOCK             ;; this adds the current process to the blocked queue
        -:  382:  QUANTUM_EXPIRE    ;; this puts the current process at the end
        -:  383:                    ;;      of its prioqueue
        -:  384:  UNBLOCK ratio     ;; this unblocks a process from the blocked queue
        -:  385:                    ;;     and ratio is used to determine which one
        -:  386:
        -:  387:  UPGRADE_PRIO small-priority ratio ;; this promotes a process from
        -:  388:                    ;; the small-priority queue to the next higher priority
        -:  389:                    ;;     and ratio is used to determine which process
        -:  390: 
        -:  391:  FLUSH	            ;; causes all the processes from the prio queues to
        -:  392:                    ;;    exit the system in their priority order
        -:  393:
        -:  394:where
        -:  395: NEW_JOB        1
        -:  396: UPGRADE_PRIO   2 
        -:  397: BLOCK          3
        -:  398: UNBLOCK        4  
        -:  399: QUANTUM_EXPIRE 5
        -:  400: FINISH         6
        -:  401: FLUSH          7
        -:  402:and priority is in        1..3
        -:  403:and small-priority is in  1..2
        -:  404:and ratio is in           0.0..1.0
        -:  405:
        -:  406: The output is a list of numbers indicating the order in which
        -:  407: processes exit from the system.   
        -:  408:
        -:  409:*/
        -:  410:
        -:  411:
